# JRE version: OpenJDK Runtime Environment Temurin-21.0.1+12 (21.0.1+12) (build 21.0.1+12-LTS)
# Java VM: OpenJDK 64-Bit Server VM Temurin-21.0.1+12 (21.0.1+12-LTS, mixed mode, sharing, tiered, compressed oops, compressed class ptrs, g1 gc, windows-amd64)
GC Precious Log:
 CardTable entry size: 512
 Card Set container configuration: InlinePtr #cards 5 size 8 Array Of Cards #cards 12 size 40 Howl #buckets 4 coarsen threshold 1843 Howl Bitmap #cards 512 size 80 coarsen threshold 460 Card regions per heap region 1 cards per card region 2048
 CPUs: 12 total, 12 available
 Memory: 7597M
 Large Page Support: Disabled
 NUMA Support: Disabled
 Compressed Oops: Enabled (32-bit)
 Heap Region Size: 1M
 Heap Min Capacity: 8M
 Heap Initial Capacity: 120M
 Heap Max Capacity: 2G
 Pre-touch: Disabled
 Parallel Workers: 10
 Concurrent Workers: 3
 Concurrent Refinement Workers: 10
 Periodic GC: Disabled
Heap:
 garbage-first heap   total 270336K, used 160301K [0x0000000080000000, 0x0000000100000000)
  region size 1024K, 2 young (2048K), 2 survivors (2048K)
 Metaspace       used 151407K, committed 153984K, reserved 1245184K
  class space    used 19862K, committed 21120K, reserved 1048576K
GC Heap History (20 events):
Event: 16.606 GC heap after
{Heap after GC invocations=36 (full 0):
 garbage-first heap   total 200704K, used 114119K [0x0000000080000000, 0x0000000100000000)
  region size 1024K, 8 young (8192K), 8 survivors (8192K)
 Metaspace       used 123673K, committed 126080K, reserved 1179648K
  class space    used 15958K, committed 17152K, reserved 1048576K
}
Event: 17.117 GC heap before
{Heap before GC invocations=36 (full 0):
 garbage-first heap   total 200704K, used 179655K [0x0000000080000000, 0x0000000100000000)
  region size 1024K, 73 young (74752K), 8 survivors (8192K)
 Metaspace       used 125659K, committed 128064K, reserved 1179648K
  class space    used 16208K, committed 17408K, reserved 1048576K
}
Event: 17.127 GC heap after
{Heap after GC invocations=37 (full 0):
 garbage-first heap   total 242688K, used 126263K [0x0000000080000000, 0x0000000100000000)
  region size 1024K, 10 young (10240K), 10 survivors (10240K)
 Metaspace       used 125659K, committed 128064K, reserved 1179648K
  class space    used 16208K, committed 17408K, reserved 1048576K
}
Event: 17.408 GC heap before
{Heap before GC invocations=38 (full 0):
 garbage-first heap   total 242688K, used 206135K [0x0000000080000000, 0x0000000100000000)
  region size 1024K, 87 young (89088K), 10 survivors (10240K)
 Metaspace       used 125800K, committed 128192K, reserved 1179648K
  class space    used 16208K, committed 17408K, reserved 1048576K
}
Event: 17.418 GC heap after
{Heap after GC invocations=39 (full 0):
 garbage-first heap   total 242688K, used 136254K [0x0000000080000000, 0x0000000100000000)
  region size 1024K, 9 young (9216K), 9 survivors (9216K)
 Metaspace       used 125800K, committed 128192K, reserved 1179648K
  class space    used 16208K, committed 17408K, reserved 1048576K
}
Event: 18.206 GC heap before
{Heap before GC invocations=39 (full 0):
 garbage-first heap   total 242688K, used 212030K [0x0000000080000000, 0x0000000100000000)
  region size 1024K, 83 young (84992K), 9 survivors (9216K)
 Metaspace       used 128642K, committed 131072K, reserved 1179648K
  class space    used 16528K, committed 17728K, reserved 1048576K
}
Event: 18.232 GC heap after
{Heap after GC invocations=40 (full 0):
 garbage-first heap   total 242688K, used 143227K [0x0000000080000000, 0x0000000100000000)
  region size 1024K, 8 young (8192K), 8 survivors (8192K)
 Metaspace       used 128642K, committed 131072K, reserved 1179648K
  class space    used 16528K, committed 17728K, reserved 1048576K
}
Event: 18.307 GC heap before
{Heap before GC invocations=40 (full 0):
 garbage-first heap   total 242688K, used 149371K [0x0000000080000000, 0x0000000100000000)
  region size 1024K, 15 young (15360K), 8 survivors (8192K)
 Metaspace       used 129202K, committed 131584K, reserved 1179648K
  class space    used 16603K, committed 17792K, reserved 1048576K
}
Event: 18.312 GC heap after
{Heap after GC invocations=41 (full 0):
 garbage-first heap   total 242688K, used 144240K [0x0000000080000000, 0x0000000100000000)
  region size 1024K, 2 young (2048K), 2 survivors (2048K)
 Metaspace       used 129202K, committed 131584K, reserved 1179648K
  class space    used 16603K, committed 17792K, reserved 1048576K
}
Event: 19.179 GC heap before
{Heap before GC invocations=42 (full 0):
 garbage-first heap   total 252928K, used 218992K [0x0000000080000000, 0x0000000100000000)
  region size 1024K, 74 young (75776K), 2 survivors (2048K)
 Metaspace       used 134847K, committed 137344K, reserved 1179648K
  class space    used 17561K, committed 18816K, reserved 1048576K
}
Event: 19.183 GC heap after
{Heap after GC invocations=43 (full 0):
 garbage-first heap   total 252928K, used 139293K [0x0000000080000000, 0x0000000100000000)
  region size 1024K, 4 young (4096K), 4 survivors (4096K)
 Metaspace       used 134847K, committed 137344K, reserved 1179648K
  class space    used 17561K, committed 18816K, reserved 1048576K
}
Event: 20.453 GC heap before
{Heap before GC invocations=43 (full 0):
 garbage-first heap   total 252928K, used 232477K [0x0000000080000000, 0x0000000100000000)
  region size 1024K, 94 young (96256K), 4 survivors (4096K)
 Metaspace       used 140933K, committed 143424K, reserved 1179648K
  class space    used 18507K, committed 19776K, reserved 1048576K
}
Event: 20.462 GC heap after
{Heap after GC invocations=44 (full 0):
 garbage-first heap   total 252928K, used 138538K [0x0000000080000000, 0x0000000100000000)
  region size 1024K, 9 young (9216K), 9 survivors (9216K)
 Metaspace       used 140933K, committed 143424K, reserved 1179648K
  class space    used 18507K, committed 19776K, reserved 1048576K
}
Event: 22.236 GC heap before
{Heap before GC invocations=44 (full 0):
 garbage-first heap   total 252928K, used 228650K [0x0000000080000000, 0x0000000100000000)
  region size 1024K, 98 young (100352K), 9 survivors (9216K)
 Metaspace       used 148206K, committed 150784K, reserved 1179648K
  class space    used 19558K, committed 20864K, reserved 1048576K
}
Event: 22.250 GC heap after
{Heap after GC invocations=45 (full 0):
 garbage-first heap   total 252928K, used 143313K [0x0000000080000000, 0x0000000100000000)
  region size 1024K, 11 young (11264K), 11 survivors (11264K)
 Metaspace       used 148206K, committed 150784K, reserved 1179648K
  class space    used 19558K, committed 20864K, reserved 1048576K
}
Event: 23.221 GC heap before
{Heap before GC invocations=46 (full 0):
 garbage-first heap   total 252928K, used 223185K [0x0000000080000000, 0x0000000100000000)
  region size 1024K, 93 young (95232K), 11 survivors (11264K)
 Metaspace       used 151050K, committed 153664K, reserved 1245184K
  class space    used 19840K, committed 21120K, reserved 1048576K
}
Event: 23.234 GC heap after
{Heap after GC invocations=47 (full 0):
 garbage-first heap   total 252928K, used 145857K [0x0000000080000000, 0x0000000100000000)
  region size 1024K, 12 young (12288K), 12 survivors (12288K)
 Metaspace       used 151050K, committed 153664K, reserved 1245184K
  class space    used 19840K, committed 21120K, reserved 1048576K
}
Event: 23.640 GC heap before
{Heap before GC invocations=47 (full 0):
 garbage-first heap   total 252928K, used 235969K [0x0000000080000000, 0x0000000100000000)
  region size 1024K, 90 young (92160K), 12 survivors (12288K)
 Metaspace       used 151384K, committed 153920K, reserved 1245184K
  class space    used 19862K, committed 21120K, reserved 1048576K
}
Event: 23.665 GC heap after
{Heap after GC invocations=48 (full 0):
 garbage-first heap   total 270336K, used 156672K [0x0000000080000000, 0x0000000100000000)
  region size 1024K, 12 young (12288K), 12 survivors (12288K)
 Metaspace       used 151384K, committed 153920K, reserved 1245184K
  class space    used 19862K, committed 21120K, reserved 1048576K
}
Event: 23.691 GC heap before
{Heap before GC invocations=48 (full 0):
 garbage-first heap   total 270336K, used 161792K [0x0000000080000000, 0x0000000100000000)
  region size 1024K, 18 young (18432K), 12 survivors (12288K)
 Metaspace       used 151407K, committed 153984K, reserved 1245184K
  class space    used 19862K, committed 21120K, reserved 1048576K
}

